<?xml version="1.0" encoding="UTF-8"?>
<!-- Generated by org.testng.reporters.JUnitReportReporter -->
<testsuite skipped="0" hostname="VIKASKUMAR" name="com.crm.qa.testcases.LoginPageTest" tests="3" failures="0" timestamp="28 Apr 2019 07:22:31 GMT" time="120.057" errors="0">
  <testcase name="loginPageTitleTest" time="17.432" classname="com.crm.qa.testcases.LoginPageTest"/>
  <testcase name="crmLogoImageTest" time="49.486" classname="com.crm.qa.testcases.LoginPageTest"/>
  <testcase name="loginTest" time="53.139" classname="com.crm.qa.testcases.LoginPageTest"/>
</testsuite> <!-- com.crm.qa.testcases.LoginPageTest -->
