<?xml version="1.0" encoding="UTF-8"?>
<!-- Generated by org.testng.reporters.JUnitReportReporter -->
<testsuite skipped="0" hostname="VIKASKUMAR" name="com.crm.qa.testcases.LoginTest" tests="2" failures="0" timestamp="11 Apr 2019 13:28:15 GMT" time="56.975" errors="0">
  <testcase name="freeCrmTitleTest" time="31.861" classname="com.crm.qa.testcases.LoginTest"/>
  <testcase name="freemCRMLogoTest" time="25.114" classname="com.crm.qa.testcases.LoginTest"/>
</testsuite> <!-- com.crm.qa.testcases.LoginTest -->
