<?xml version="1.0" encoding="UTF-8"?>
<!-- Generated by org.testng.reporters.JUnitReportReporter -->
<testsuite skipped="0" hostname="VIKASKUMAR" name="com.crm.qa.testcases.LoginPageTest" tests="3" failures="0" timestamp="11 Apr 2019 10:41:59 GMT" time="54.797" errors="0">
  <testcase name="loginPageTitleTest" time="14.208" classname="com.crm.qa.testcases.LoginPageTest"/>
  <testcase name="crmLogoImageTest" time="17.856" classname="com.crm.qa.testcases.LoginPageTest"/>
  <testcase name="loginTest" time="22.733" classname="com.crm.qa.testcases.LoginPageTest"/>
</testsuite> <!-- com.crm.qa.testcases.LoginPageTest -->
