<?xml version="1.0" encoding="UTF-8"?>
<!-- Generated by org.testng.reporters.JUnitReportReporter -->
<testsuite skipped="0" hostname="VIKASKUMAR" name="com.crm.qa.testcases.LoginTest" tests="2" failures="0" timestamp="28 Apr 2019 07:22:31 GMT" time="43.238" errors="0">
  <testcase name="freeCrmTitleTest" time="20.657" classname="com.crm.qa.testcases.LoginTest"/>
  <testcase name="freemCRMLogoTest" time="22.581" classname="com.crm.qa.testcases.LoginTest"/>
</testsuite> <!-- com.crm.qa.testcases.LoginTest -->
